<?xml version="1.0" encoding="UTF-8"?>
<TestRun id="c3988487-3bce-4a5b-90a6-f58defaa0416" name="BMac@BMAC-PC 2013-01-17 22:50:35" runUser="BMac-PC\BMac" xmlns="http://microsoft.com/schemas/VisualStudio/TeamTest/2010">
  <TestSettings name="Default Test Settings" id="b2d9ca3d-c777-4a7d-9d7a-8f6b1f93a045">
    <Deployment runDeploymentRoot="BMac_BMAC-PC 2013-01-17 22_50_35">
      <DeploymentItem filename="C:\Users\BMac\Documents\Visual Studio 2010\Projects\BudgetApp\BudgetApp.Tests\bin\Debug\EntityFramework.dll" />
      <DeploymentItem filename="C:\Users\BMac\Documents\Visual Studio 2010\Projects\BudgetApp\packages\Moq.4.0.10827\lib\NET40\Moq.dll" />
      <DeploymentItem filename="C:\Users\BMac\Documents\Visual Studio 2010\Projects\BudgetApp\BudgetApp.Tests\bin\Debug\Ninject.dll" />
      <DeploymentItem filename="C:\Users\BMac\Documents\Visual Studio 2010\Projects\BudgetApp\BudgetApp.Domain\bin\Debug\BudgetApp.Domain.dll" />
      <DeploymentItem filename="C:\Users\BMac\Documents\Visual Studio 2010\Projects\BudgetApp\BudgetApp\bin\BudgetApp.WebUI.dll" />
    </Deployment>
    <Execution>
      <TestTypeSpecific />
      <AgentRule name="Execution Agents">
      </AgentRule>
    </Execution>
  </TestSettings>
  <Times creation="2013-01-17T22:50:35.6073774-06:00" queuing="2013-01-17T22:50:39.2845877-06:00" start="2013-01-17T22:50:39.4315961-06:00" finish="2013-01-17T22:50:41.7617294-06:00" />
  <ResultSummary outcome="Failed">
    <Counters total="1" executed="1" error="0" failed="1" timeout="0" aborted="0" inconclusive="0" passedButRunAborted="0" notRunnable="0" notExecuted="0" disconnected="0" warning="0" passed="0" completed="0" inProgress="0" pending="0" />
  </ResultSummary>
  <TestDefinitions>
    <UnitTest name="Test_Routes" storage="c:\users\bmac\documents\visual studio 2010\projects\budgetapp\budgetapp.tests\bin\debug\budgetapp.tests.dll" id="e41b4f97-2a6f-a050-c7f2-f572d1124ad8">
      <Execution id="2426deb5-53b0-4f12-9ae2-950e13feea98" />
      <TestMethod codeBase="C:/Users/BMac/Documents/Visual Studio 2010/Projects/BudgetApp/BudgetApp.Tests/bin/Debug/BudgetApp.Tests.DLL" adapterTypeName="Microsoft.VisualStudio.TestTools.TestTypes.Unit.UnitTestAdapter, Microsoft.VisualStudio.QualityTools.Tips.UnitTest.Adapter, Version=10.0.0.0, Culture=neutral, PublicKeyToken=b03f5f7f11d50a3a" className="BudgetApp.Tests.MvcApplicationTest, BudgetApp.Tests, Version=1.0.0.0, Culture=neutral, PublicKeyToken=null" name="Test_Routes" />
    </UnitTest>
  </TestDefinitions>
  <TestLists>
    <TestList name="Results Not in a List" id="8c84fa94-04c1-424b-9868-57a2d4851a1d" />
    <TestList name="All Loaded Results" id="19431567-8539-422a-85d7-44ee4e166bda" />
  </TestLists>
  <TestEntries>
    <TestEntry testId="e41b4f97-2a6f-a050-c7f2-f572d1124ad8" executionId="2426deb5-53b0-4f12-9ae2-950e13feea98" testListId="8c84fa94-04c1-424b-9868-57a2d4851a1d" />
  </TestEntries>
  <Results>
    <UnitTestResult executionId="2426deb5-53b0-4f12-9ae2-950e13feea98" testId="e41b4f97-2a6f-a050-c7f2-f572d1124ad8" testName="Test_Routes" computerName="BMAC-PC" duration="00:00:01.1778807" startTime="2013-01-17T22:50:39.4965998-06:00" endTime="2013-01-17T22:50:41.6607236-06:00" testType="13cdc9d9-ddb5-4fa4-a97d-d965ccfc6d4b" outcome="Failed" testListId="8c84fa94-04c1-424b-9868-57a2d4851a1d" relativeResultsDirectory="2426deb5-53b0-4f12-9ae2-950e13feea98">
      <Output>
        <ErrorInfo>
          <Message>Assert.AreEqual failed. Expected:&lt;True&gt;. Actual:&lt;False&gt;. </Message>
          <StackTrace>   at BudgetApp.Tests.MvcApplicationTest.TestRouteSuccess(String URL, String controller, String action, String HttpMethod, Object parameterSet) in C:\Users\BMac\Documents\Visual Studio 2010\Projects\BudgetApp\BudgetApp.Tests\MvcApplicationTest.cs:line 58
   at BudgetApp.Tests.MvcApplicationTest.Test_Routes() in C:\Users\BMac\Documents\Visual Studio 2010\Projects\BudgetApp\BudgetApp.Tests\MvcApplicationTest.cs:line 27
</StackTrace>
        </ErrorInfo>
      </Output>
    </UnitTestResult>
  </Results>
</TestRun>