<?xml version="1.0" encoding="UTF-8"?>
<TestRun id="87621b64-7a51-465d-adca-705d685ec34a" name="BMac@BMAC-PC 2013-01-17 22:57:35" runUser="BMac-PC\BMac" xmlns="http://microsoft.com/schemas/VisualStudio/TeamTest/2010">
  <TestSettings name="Default Test Settings" id="56dd424d-6d9e-48d5-b6d9-3e00bed46d6f">
    <Deployment runDeploymentRoot="BMac_BMAC-PC 2013-01-17 22_57_35">
      <DeploymentItem filename="C:\Users\BMac\Documents\Visual Studio 2010\Projects\BudgetApp\BudgetApp.Tests\bin\Debug\EntityFramework.dll" />
      <DeploymentItem filename="C:\Users\BMac\Documents\Visual Studio 2010\Projects\BudgetApp\packages\Moq.4.0.10827\lib\NET40\Moq.dll" />
      <DeploymentItem filename="C:\Users\BMac\Documents\Visual Studio 2010\Projects\BudgetApp\BudgetApp.Tests\bin\Debug\Ninject.dll" />
      <DeploymentItem filename="C:\Users\BMac\Documents\Visual Studio 2010\Projects\BudgetApp\BudgetApp.Domain\bin\Debug\BudgetApp.Domain.dll" />
      <DeploymentItem filename="C:\Users\BMac\Documents\Visual Studio 2010\Projects\BudgetApp\BudgetApp\bin\BudgetApp.WebUI.dll" />
    </Deployment>
    <Execution>
      <TestTypeSpecific />
      <AgentRule name="Execution Agents">
      </AgentRule>
    </Execution>
  </TestSettings>
  <Times creation="2013-01-17T22:57:35.9564200-06:00" queuing="2013-01-17T22:57:36.1424306-06:00" start="2013-01-17T22:57:36.1564314-06:00" finish="2013-01-17T22:57:37.0104803-06:00" />
  <ResultSummary outcome="Completed">
    <Counters total="1" executed="1" passed="1" error="0" failed="0" timeout="0" aborted="0" inconclusive="0" passedButRunAborted="0" notRunnable="0" notExecuted="0" disconnected="0" warning="0" completed="0" inProgress="0" pending="0" />
  </ResultSummary>
  <TestDefinitions>
    <UnitTest name="Test_Routes" storage="c:\users\bmac\documents\visual studio 2010\projects\budgetapp\budgetapp.tests\bin\debug\budgetapp.tests.dll" id="e41b4f97-2a6f-a050-c7f2-f572d1124ad8">
      <Execution id="8ad018d5-9a81-47e3-9747-6b36e4e2f38c" />
      <TestMethod codeBase="C:/Users/BMac/Documents/Visual Studio 2010/Projects/BudgetApp/BudgetApp.Tests/bin/Debug/BudgetApp.Tests.DLL" adapterTypeName="Microsoft.VisualStudio.TestTools.TestTypes.Unit.UnitTestAdapter, Microsoft.VisualStudio.QualityTools.Tips.UnitTest.Adapter, Version=10.0.0.0, Culture=neutral, PublicKeyToken=b03f5f7f11d50a3a" className="BudgetApp.Tests.MvcApplicationTest, BudgetApp.Tests, Version=1.0.0.0, Culture=neutral, PublicKeyToken=null" name="Test_Routes" />
    </UnitTest>
  </TestDefinitions>
  <TestLists>
    <TestList name="Results Not in a List" id="8c84fa94-04c1-424b-9868-57a2d4851a1d" />
    <TestList name="All Loaded Results" id="19431567-8539-422a-85d7-44ee4e166bda" />
  </TestLists>
  <TestEntries>
    <TestEntry testId="e41b4f97-2a6f-a050-c7f2-f572d1124ad8" executionId="8ad018d5-9a81-47e3-9747-6b36e4e2f38c" testListId="8c84fa94-04c1-424b-9868-57a2d4851a1d" />
  </TestEntries>
  <Results>
    <UnitTestResult executionId="8ad018d5-9a81-47e3-9747-6b36e4e2f38c" testId="e41b4f97-2a6f-a050-c7f2-f572d1124ad8" testName="Test_Routes" computerName="BMAC-PC" duration="00:00:00.4726216" startTime="2013-01-17T22:57:36.1594316-06:00" endTime="2013-01-17T22:57:36.9904791-06:00" testType="13cdc9d9-ddb5-4fa4-a97d-d965ccfc6d4b" outcome="Passed" testListId="8c84fa94-04c1-424b-9868-57a2d4851a1d" relativeResultsDirectory="8ad018d5-9a81-47e3-9747-6b36e4e2f38c">
    </UnitTestResult>
  </Results>
</TestRun>