<?xml version="1.0" encoding="UTF-8"?>
<TestRun id="34964eb4-6c56-4d7c-bfdd-e43b34ad8774" name="BMac@BMAC-PC 2013-01-17 23:00:40" runUser="BMac-PC\BMac" xmlns="http://microsoft.com/schemas/VisualStudio/TeamTest/2010">
  <TestSettings name="Default Test Settings" id="a3f743ba-b30e-4a87-a426-9ae85e26fb8d">
    <Deployment runDeploymentRoot="BMac_BMAC-PC 2013-01-17 23_00_40">
      <DeploymentItem filename="C:\Users\BMac\Documents\Visual Studio 2010\Projects\BudgetApp\BudgetApp.Tests\bin\Debug\EntityFramework.dll" />
      <DeploymentItem filename="C:\Users\BMac\Documents\Visual Studio 2010\Projects\BudgetApp\packages\Moq.4.0.10827\lib\NET40\Moq.dll" />
      <DeploymentItem filename="C:\Users\BMac\Documents\Visual Studio 2010\Projects\BudgetApp\BudgetApp.Tests\bin\Debug\Ninject.dll" />
      <DeploymentItem filename="C:\Users\BMac\Documents\Visual Studio 2010\Projects\BudgetApp\BudgetApp.Domain\bin\Debug\BudgetApp.Domain.dll" />
      <DeploymentItem filename="C:\Users\BMac\Documents\Visual Studio 2010\Projects\BudgetApp\BudgetApp\bin\BudgetApp.WebUI.dll" />
    </Deployment>
    <Execution>
      <TestTypeSpecific />
      <AgentRule name="Execution Agents">
      </AgentRule>
    </Execution>
  </TestSettings>
  <Times creation="2013-01-17T23:00:40.9480009-06:00" queuing="2013-01-17T23:00:41.2690192-06:00" start="2013-01-17T23:00:41.2740195-06:00" finish="2013-01-17T23:00:42.1780712-06:00" />
  <ResultSummary outcome="Completed">
    <Counters total="1" executed="1" passed="1" error="0" failed="0" timeout="0" aborted="0" inconclusive="0" passedButRunAborted="0" notRunnable="0" notExecuted="0" disconnected="0" warning="0" completed="0" inProgress="0" pending="0" />
  </ResultSummary>
  <TestDefinitions>
    <UnitTest name="Test_Routes" storage="c:\users\bmac\documents\visual studio 2010\projects\budgetapp\budgetapp.tests\bin\debug\budgetapp.tests.dll" id="e41b4f97-2a6f-a050-c7f2-f572d1124ad8">
      <Execution id="20a6ca2d-6872-41c3-b1bd-950453b1f3e8" />
      <TestMethod codeBase="C:/Users/BMac/Documents/Visual Studio 2010/Projects/BudgetApp/BudgetApp.Tests/bin/Debug/BudgetApp.Tests.DLL" adapterTypeName="Microsoft.VisualStudio.TestTools.TestTypes.Unit.UnitTestAdapter, Microsoft.VisualStudio.QualityTools.Tips.UnitTest.Adapter, Version=10.0.0.0, Culture=neutral, PublicKeyToken=b03f5f7f11d50a3a" className="BudgetApp.Tests.MvcApplicationTest, BudgetApp.Tests, Version=1.0.0.0, Culture=neutral, PublicKeyToken=null" name="Test_Routes" />
    </UnitTest>
  </TestDefinitions>
  <TestLists>
    <TestList name="Results Not in a List" id="8c84fa94-04c1-424b-9868-57a2d4851a1d" />
    <TestList name="All Loaded Results" id="19431567-8539-422a-85d7-44ee4e166bda" />
  </TestLists>
  <TestEntries>
    <TestEntry testId="e41b4f97-2a6f-a050-c7f2-f572d1124ad8" executionId="20a6ca2d-6872-41c3-b1bd-950453b1f3e8" testListId="8c84fa94-04c1-424b-9868-57a2d4851a1d" />
  </TestEntries>
  <Results>
    <UnitTestResult executionId="20a6ca2d-6872-41c3-b1bd-950453b1f3e8" testId="e41b4f97-2a6f-a050-c7f2-f572d1124ad8" testName="Test_Routes" computerName="BMAC-PC" duration="00:00:00.4189897" startTime="2013-01-17T23:00:41.2760196-06:00" endTime="2013-01-17T23:00:42.1640704-06:00" testType="13cdc9d9-ddb5-4fa4-a97d-d965ccfc6d4b" outcome="Passed" testListId="8c84fa94-04c1-424b-9868-57a2d4851a1d" relativeResultsDirectory="20a6ca2d-6872-41c3-b1bd-950453b1f3e8">
    </UnitTestResult>
  </Results>
</TestRun>